<?xml version="1.0" encoding="UTF-8"?>
<testsuite xmlns:xsi="http://www.w3.org/2001/XMLSchema-instance" xsi:noNamespaceSchemaLocation="https://maven.apache.org/surefire/maven-surefire-plugin/xsd/surefire-test-report-3.0.xsd" version="3.0" name="com.mycompany.calc.CalcTest" time="0.036" tests="15" errors="0" skipped="0" failures="0">
  <properties>
[...]
</properties>
  <testcase name="testCountCharacterWithNumbersAndSpaces" classname="com.mycompany.calc.CalcTest" time="0.013">
    <system-out><![CDATA[Testing countCharacter() with numbers and spaces
]]></system-out>
  </testcase>
  <testcase name="testCountVowelsWithEmptyString" classname="com.mycompany.calc.CalcTest" time="0.0">
    <system-out><![CDATA[Testing countVowels() with empty string
]]></system-out>
  </testcase>
  <testcase name="testCountNumWithSpecialCharacters" classname="com.mycompany.calc.CalcTest" time="0.001">
    <system-out><![CDATA[Testing countNum() with special characters
]]></system-out>
  </testcase>
  <testcase name="testCountCharacterWithEmptyString" classname="com.mycompany.calc.CalcTest" time="0.001">
    <system-out><![CDATA[Testing countCharacter() with empty string
]]></system-out>
  </testcase>
  <testcase name="testCountNumWithNoDigits" classname="com.mycompany.calc.CalcTest" time="0.0">
    <system-out><![CDATA[Testing countNum() with no digits
]]></system-out>
  </testcase>
  <testcase name="testCountVowelsWithNull" classname="com.mycompany.calc.CalcTest" time="0.001">
    <system-out><![CDATA[Testing countVowels() with null input
]]></system-out>
  </testcase>
  <testcase name="testCountVowelsWithNoVowels" classname="com.mycompany.calc.CalcTest" time="0.001">
    <system-out><![CDATA[Testing countVowels() with no vowels
]]></system-out>
  </testcase>
  <testcase name="testCountVowelsWithUppercase" classname="com.mycompany.calc.CalcTest" time="0.001">
    <system-out><![CDATA[Testing countVowels() with uppercase and lowercase vowels
]]></system-out>
  </testcase>
  <testcase name="testCountNum" classname="com.mycompany.calc.CalcTest" time="0.001">
    <system-out><![CDATA[Testing countNum() with string having digits
]]></system-out>
  </testcase>
  <testcase name="testCountNumWithNull" classname="com.mycompany.calc.CalcTest" time="0.0">
    <system-out><![CDATA[Testing countNum() with null input
]]></system-out>
  </testcase>
  <testcase name="testCountCharacterWithNull" classname="com.mycompany.calc.CalcTest" time="0.0">
    <system-out><![CDATA[Testing countCharacter() with null input
]]></system-out>
  </testcase>
  <testcase name="testCountVowels" classname="com.mycompany.calc.CalcTest" time="0.001">
    <system-out><![CDATA[Testing countVowels() with normal string
]]></system-out>
  </testcase>
  <testcase name="testCountNumWithEmptyString" classname="com.mycompany.calc.CalcTest" time="0.001">
    <system-out><![CDATA[Testing countNum() with empty string
]]></system-out>
  </testcase>
  <testcase name="testCountCharacterWithSpecialChar" classname="com.mycompany.calc.CalcTest" time="0.001">
    <system-out><![CDATA[Testing countCharacter() with special characters
]]></system-out>
  </testcase>
  <testcase name="testCountCharacter" classname="com.mycompany.calc.CalcTest" time="0.0">
    <system-out><![CDATA[Testing countCharacter() with normal string
]]></system-out>
  </testcase>
</testsuite>